<?xml version="1.0" encoding="UTF-8"?>
<!-- Generated by org.testng.reporters.JUnitReportReporter -->
<testsuite hostname="DESKTOP-3GQQD2L" failures="0" tests="1" name="testScripts.PostRequestSample" time="3.731" errors="0" timestamp="2022-02-07T14:49:54 IST" skipped="0">
  <testcase classname="testScripts.PostRequestSample" name="postUserWithAuth" time="3.731"/>
  <system-out/>
</testsuite> <!-- testScripts.PostRequestSample -->
