<?xml version="1.0" encoding="UTF-8"?>
<!-- Generated by org.testng.reporters.JUnitReportReporter -->
<testsuite hostname="DESKTOP-3GQQD2L" failures="0" tests="1" name="testScripts.PutRequestSample" time="3.354" errors="0" timestamp="2022-02-07T16:39:16 IST" skipped="0">
  <testcase classname="testScripts.PutRequestSample" name="deleteUser" time="3.354"/>
  <system-out/>
</testsuite> <!-- testScripts.PutRequestSample -->
