<?xml version="1.0" encoding="UTF-8"?>
<!-- Generated by org.testng.reporters.JUnitReportReporter -->
<testsuite hostname="DESKTOP-3GQQD2L" failures="0" tests="3" name="testScripts.BasicAuthSample" time="4.879" errors="0" timestamp="2022-02-07T15:51:17 IST" skipped="0">
  <testcase classname="testScripts.BasicAuthSample" name="getWeatherWithAPI" time="0.182"/>
  <system-out/>
  <testcase classname="testScripts.BasicAuthSample" name="getWeather" time="0.975"/>
  <system-out/>
  <testcase classname="testScripts.BasicAuthSample" name="challengedAuth" time="3.722"/>
  <system-out/>
</testsuite> <!-- testScripts.BasicAuthSample -->
